{
  "RSpec": {
    "coverage": {
      "/Users/scwshoes/Projects/rails_projects/Gobblr/config/environment.rb": [
        null,
        1,
        null,
        null,
        1
      ],
      "/Users/scwshoes/Projects/rails_projects/Gobblr/config/application.rb": [
        1,
        null,
        null,
        1,
        1,
        1,
        1,
        null,
        null,
        null,
        null,
        1,
        null,
        1,
        1,
        null,
        null,
        null,
        null,
        null,
        null,
        null,
        null,
        null,
        null,
        null,
        null,
        null
      ],
      "/Users/scwshoes/Projects/rails_projects/Gobblr/config/boot.rb": [
        null,
        1,
        null,
        1
      ],
      "/Users/scwshoes/Projects/rails_projects/Gobblr/config/environments/test.rb": [
        1,
        null,
        null,
        null,
        null,
        null,
        null,
        1,
        null,
        null,
        null,
        null,
        1,
        null,
        null,
        1,
        1,
        null,
        null,
        1,
        1,
        null,
        null,
        1,
        null,
        null,
        1,
        null,
        null,
        null,
        null,
        1,
        null,
        null,
        1,
        null
      ],
      "/Users/scwshoes/Projects/rails_projects/Gobblr/config/initializers/backtrace_silencers.rb": [
        null,
        null,
        null,
        null,
        null,
        null,
        null
      ],
      "/Users/scwshoes/Projects/rails_projects/Gobblr/config/initializers/filter_parameter_logging.rb": [
        null,
        null,
        null,
        1
      ],
      "/Users/scwshoes/Projects/rails_projects/Gobblr/config/initializers/inflections.rb": [
        null,
        null,
        null,
        null,
        null,
        null,
        null,
        null,
        null,
        null,
        null,
        null,
        null,
        null,
        null,
        null
      ],
      "/Users/scwshoes/Projects/rails_projects/Gobblr/config/initializers/mime_types.rb": [
        null,
        null,
        null,
        null,
        null
      ],
      "/Users/scwshoes/Projects/rails_projects/Gobblr/config/initializers/omniauth.rb": [
        1,
        1,
        1,
        null,
        null,
        null,
        null,
        null,
        null,
        null,
        null,
        1,
        0,
        0,
        null,
        1,
        1,
        null,
        null
      ],
      "/Users/scwshoes/Projects/rails_projects/Gobblr/config/initializers/secret_token.rb": [
        null,
        null,
        null,
        null,
        null,
        null,
        null,
        null,
        null,
        null,
        null,
        1
      ],
      "/Users/scwshoes/Projects/rails_projects/Gobblr/config/initializers/session_store.rb": [
        null,
        null,
        1
      ],
      "/Users/scwshoes/Projects/rails_projects/Gobblr/config/initializers/wrap_parameters.rb": [
        null,
        null,
        null,
        null,
        null,
        null,
        1,
        1,
        null,
        null,
        null,
        null,
        null,
        null
      ],
      "/Users/scwshoes/Projects/rails_projects/Gobblr/config/routes.rb": [
        1,
        1,
        null,
        1,
        1,
        1,
        1,
        1,
        1,
        null,
        null,
        null,
        null,
        null,
        null,
        null,
        null,
        null,
        null,
        null,
        null,
        null,
        null,
        null,
        null,
        null,
        null,
        null,
        null,
        null,
        null,
        null,
        null,
        null,
        null,
        null,
        null,
        null,
        null,
        null,
        null,
        null,
        null,
        null,
        null,
        null,
        null,
        null,
        null,
        null,
        null,
        null,
        null,
        null,
        null,
        null,
        null,
        null,
        null,
        null,
        null,
        null,
        null,
        null
      ],
      "/Users/scwshoes/Projects/rails_projects/Gobblr/app/helpers/application_helper.rb": [
        1,
        null
      ],
      "/Users/scwshoes/Projects/rails_projects/Gobblr/app/helpers/sessions_helper.rb": [
        1,
        null
      ],
      "/Users/scwshoes/Projects/rails_projects/Gobblr/app/helpers/users_helper.rb": [
        1,
        null
      ],
      "/Users/scwshoes/Projects/rails_projects/Gobblr/app/controllers/application_controller.rb": [
        1,
        1,
        null,
        null,
        1,
        null,
        1,
        null,
        1,
        null,
        1,
        null
      ],
      "/Users/scwshoes/Projects/rails_projects/Gobblr/spec/controllers/feeds_controller_spec.rb": [
        1,
        null,
        1,
        1,
        null
      ],
      "/Users/scwshoes/Projects/rails_projects/Gobblr/app/controllers/feeds_controller.rb": [
        1,
        1,
        null,
        null,
        1,
        0,
        0,
        0,
        0,
        0,
        0,
        null,
        0,
        null,
        0,
        null,
        null,
        null,
        1,
        0,
        0,
        0,
        0,
        0,
        null,
        0,
        null,
        0,
        null,
        null,
        1,
        null,
        1,
        0,
        null,
        null,
        1,
        0,
        0,
        0,
        0,
        0,
        0,
        null,
        null,
        null
      ],
      "/Users/scwshoes/Projects/rails_projects/Gobblr/spec/controllers/posts_controller_spec.rb": [
        1,
        null,
        1,
        1,
        null
      ],
      "/Users/scwshoes/Projects/rails_projects/Gobblr/app/controllers/posts_controller.rb": [
        1,
        null
      ],
      "/Users/scwshoes/Projects/rails_projects/Gobblr/spec/controllers/sessions_controller_spec.rb": [
        1,
        null,
        1,
        1,
        null
      ],
      "/Users/scwshoes/Projects/rails_projects/Gobblr/app/controllers/sessions_controller.rb": [
        1,
        1,
        null,
        1,
        0,
        0,
        0,
        0,
        0,
        0,
        0,
        0,
        0,
        null,
        0,
        0,
        0,
        0,
        0,
        0,
        null,
        null,
        null,
        1,
        0,
        0,
        null,
        null
      ],
      "/Users/scwshoes/Projects/rails_projects/Gobblr/spec/controllers/users_controller_spec.rb": [
        1,
        null,
        1,
        1,
        null
      ],
      "/Users/scwshoes/Projects/rails_projects/Gobblr/app/controllers/users_controller.rb": [
        1,
        1,
        0,
        null,
        null,
        1,
        0,
        0,
        0,
        0,
        null,
        0,
        null,
        null,
        null,
        1,
        0,
        0,
        0,
        0,
        0,
        0,
        null,
        null,
        null,
        null,
        null
      ],
      "/Users/scwshoes/Projects/rails_projects/Gobblr/spec/controllers/welcome_controller_spec.rb": [
        1,
        null,
        1,
        null,
        1,
        1,
        1,
        1,
        null,
        null,
        null
      ],
      "/Users/scwshoes/Projects/rails_projects/Gobblr/app/controllers/welcome_controller.rb": [
        1,
        1,
        1,
        0,
        null,
        null,
        null,
        null
      ],
      "/Users/scwshoes/Projects/rails_projects/Gobblr/spec/models/authorization_spec.rb": [
        1,
        null,
        1,
        1,
        null
      ],
      "/Users/scwshoes/Projects/rails_projects/Gobblr/app/models/authorization.rb": [
        1,
        1,
        null,
        1,
        0,
        null,
        null,
        1,
        0,
        null,
        null,
        null,
        null,
        null,
        null,
        null,
        0,
        null,
        null,
        null
      ],
      "/Users/scwshoes/Projects/rails_projects/Gobblr/spec/models/feed_spec.rb": [
        1,
        null,
        1,
        1,
        null
      ],
      "/Users/scwshoes/Projects/rails_projects/Gobblr/app/models/feed.rb": [
        1,
        1,
        1,
        1,
        null
      ],
      "/Users/scwshoes/Projects/rails_projects/Gobblr/spec/models/feed_user_spec.rb": [
        1,
        null,
        1,
        1,
        null
      ],
      "/Users/scwshoes/Projects/rails_projects/Gobblr/app/models/feed_user.rb": [
        1,
        1,
        1,
        null
      ],
      "/Users/scwshoes/Projects/rails_projects/Gobblr/spec/models/feeder_spec.rb": [
        1,
        null,
        1,
        1,
        null
      ],
      "/Users/scwshoes/Projects/rails_projects/Gobblr/spec/models/post_spec.rb": [
        1,
        null,
        1,
        3,
        1,
        null,
        1,
        1,
        null,
        null,
        1,
        1,
        1,
        null,
        null,
        null
      ],
      "/Users/scwshoes/Projects/rails_projects/Gobblr/app/models/post.rb": [
        1,
        1,
        1,
        null,
        1,
        0,
        0,
        null,
        0,
        null,
        0,
        null,
        0,
        null,
        null
      ],
      "/Users/scwshoes/Projects/rails_projects/Gobblr/spec/models/tumblr_spec.rb": [
        1,
        null,
        1,
        1,
        null
      ],
      "/Users/scwshoes/Projects/rails_projects/Gobblr/app/models/tumblr.rb": [
        1,
        null,
        1,
        0,
        0,
        0,
        null,
        null,
        null,
        null,
        null,
        null,
        null,
        0,
        null,
        null,
        null,
        1,
        0,
        0,
        0,
        0,
        0,
        0,
        0,
        null,
        0,
        0,
        0,
        null,
        0,
        0,
        null,
        0,
        0,
        0,
        0,
        null,
        0,
        null,
        0,
        0,
        0,
        null,
        null,
        null
      ],
      "/Users/scwshoes/Projects/rails_projects/Gobblr/spec/models/twitter_feed_spec.rb": [
        1,
        null,
        1,
        1,
        null
      ],
      "/Users/scwshoes/Projects/rails_projects/Gobblr/app/models/twitter_feed.rb": [
        1,
        1,
        1,
        null,
        1,
        null,
        null,
        1,
        0,
        0,
        0,
        0,
        0,
        0,
        null,
        0,
        0,
        null,
        null,
        null,
        null,
        null,
        1,
        0,
        0,
        0,
        0,
        0,
        null,
        0,
        null,
        null,
        1,
        0,
        0,
        0,
        null,
        null,
        null
      ],
      "/Users/scwshoes/Projects/rails_projects/Gobblr/spec/models/user_spec.rb": [
        1,
        null,
        1,
        1,
        1,
        null,
        null
      ]
    },
    "timestamp": 1391019598
  }
}
